[ 2019-12-25T10:42:07+08:00 ] ::1 /EPP_Project/angxian/Amdin
ERR: 无法加载控制器:Amdin

[ 2019-12-25T17:32:08+08:00 ] ::1 /EPP_Project/angxian/Public/fonts/glyphicons-halflings-regular.eot?
ERR: 无法加载控制器:Public

[ 2019-12-25T17:32:08+08:00 ] ::1 /EPP_Project/angxian/Public/fonts/glyphicons-halflings-regular.woff
ERR: 无法加载控制器:Public

[ 2019-12-25T17:32:08+08:00 ] ::1 /EPP_Project/angxian/Public/fonts/glyphicons-halflings-regular.ttf
ERR: 无法加载控制器:Public

[ 2019-12-25T17:32:18+08:00 ] ::1 /EPP_Project/angxian/Public/fonts/glyphicons-halflings-regular.eot?
ERR: 无法加载控制器:Public

[ 2019-12-25T17:32:18+08:00 ] ::1 /EPP_Project/angxian/Public/fonts/glyphicons-halflings-regular.woff
ERR: 无法加载控制器:Public

[ 2019-12-25T17:32:18+08:00 ] ::1 /EPP_Project/angxian/Public/fonts/glyphicons-halflings-regular.ttf
ERR: 无法加载控制器:Public

[ 2019-12-25T17:32:25+08:00 ] ::1 /EPP_Project/angxian/Public/fonts/glyphicons-halflings-regular.eot?
ERR: 无法加载控制器:Public

[ 2019-12-25T17:32:25+08:00 ] ::1 /EPP_Project/angxian/Public/fonts/glyphicons-halflings-regular.woff
ERR: 无法加载控制器:Public

[ 2019-12-25T17:32:25+08:00 ] ::1 /EPP_Project/angxian/Public/fonts/glyphicons-halflings-regular.ttf
ERR: 无法加载控制器:Public

[ 2019-12-25T17:33:23+08:00 ] ::1 /EPP_Project/angxian/Public/fonts/glyphicons-halflings-regular.eot?
ERR: 无法加载控制器:Public

[ 2019-12-25T17:33:23+08:00 ] ::1 /EPP_Project/angxian/Public/fonts/glyphicons-halflings-regular.woff
ERR: 无法加载控制器:Public

[ 2019-12-25T17:33:23+08:00 ] ::1 /EPP_Project/angxian/Public/fonts/glyphicons-halflings-regular.ttf
ERR: 无法加载控制器:Public

[ 2019-12-25T17:33:39+08:00 ] ::1 /EPP_Project/angxian/Public/fonts/glyphicons-halflings-regular.eot?
ERR: 无法加载控制器:Public

[ 2019-12-25T17:33:39+08:00 ] ::1 /EPP_Project/angxian/Public/fonts/glyphicons-halflings-regular.woff
ERR: 无法加载控制器:Public

[ 2019-12-25T17:33:40+08:00 ] ::1 /EPP_Project/angxian/Public/fonts/glyphicons-halflings-regular.ttf
ERR: 无法加载控制器:Public

