[ 2019-12-19T10:51:33+08:00 ] ::1 /EPP_Project/angxian/Apps/Admin/View/Login/__CONTROLLER__/getVerify
ERR: 无法加载控制器:Apps

s

[ 2019-12-19T10:51:33+08:00 ] ::1 /EPP_Project/angxian/Apps/Admin/View/Login/__PUBLIC__/css/admin.css
ERR: 无法加载控制器:Apps

[ 2019-12-19T10:52:36+08:00 ] ::1 /EPP_Project/angxian/Apps/Admin/View/Login/__PUBLIC__/css/admin.css
ERR: 无法加载控制器:Apps

[ 2019-12-19T10:52:36+08:00 ] ::1 /EPP_Project/angxian/Apps/Admin/View/Login/__PUBLIC__/js/jquery-3.4.1.js
ERR: 无法加载控制器:Apps

[ 2019-12-19T10:52:36+08:00 ] ::1 /EPP_Project/angxian/Apps/Admin/View/Login/__CONTROLLER__/getVerify
ERR: 无法加载控制器:Apps

[ 2019-12-19T10:53:08+08:00 ] ::1 /EPP_Project/angxian/login
ERR: 无法加载控制器:Login

[ 2019-12-19T11:36:08+08:00 ] ::1 /EPP_Project/angxian/Apps/Admin/View/__PUBLIC__/css/admin.css
ERR: 无法加载控制器:Apps

[ 2019-12-19T11:36:08+08:00 ] ::1 /EPP_Project/angxian/Apps/Admin/View/__PUBLIC__/js/jquery-3.4.1.js
ERR: 无法加载控制器:Apps

[ 2019-12-19T11:38:10+08:00 ] ::1 /EPP_Project/angxian/Apps/Admin/View/__PUBLIC__/css/admin.css
ERR: 无法加载控制器:Apps

[ 2019-12-19T11:38:10+08:00 ] ::1 /EPP_Project/angxian/Apps/Admin/View/__PUBLIC__/js/jquery-3.4.1.js
ERR: 无法加载控制器:Apps

[ 2019-12-19T11:38:46+08:00 ] ::1 /EPP_Project/angxian/Apps/Admin/View/__PUBLIC__/css/admin.css
ERR: 无法加载控制器:Apps

[ 2019-12-19T11:38:46+08:00 ] ::1 /EPP_Project/angxian/Apps/Admin/View/__PUBLIC__/js/jquery-3.4.1.js
ERR: 无法加载控制器:Apps

[ 2019-12-19T11:39:06+08:00 ] ::1 /EPP_Project/angxian/Apps/Admin/View/__PUBLIC__/css/admin.css
ERR: 无法加载控制器:Apps

[ 2019-12-19T11:39:06+08:00 ] ::1 /EPP_Project/angxian/Apps/Admin/View/__PUBLIC__/js/jquery-3.4.1.js
ERR: 无法加载控制器:Apps

